{"name":"hexo","hostname":"mcx-UX301","pid":62512,"level":20,"msg":"Hexo version: \u001b[35m3.3.7\u001b[39m","time":"2017-06-09T21:53:00.329Z","v":0}
{"name":"hexo","hostname":"mcx-UX301","pid":62512,"level":20,"msg":"Working directory: \u001b[35mD:\\mcX-Hexo\\\u001b[39m","time":"2017-06-09T21:53:00.332Z","v":0}
{"name":"hexo","hostname":"mcx-UX301","pid":62512,"level":20,"msg":"Config loaded: \u001b[35mD:\\mcX-Hexo\\_config.yml\u001b[39m","time":"2017-06-09T21:53:00.513Z","v":0}
{"name":"hexo","hostname":"mcx-UX301","pid":62512,"level":20,"msg":"Plugin loaded: \u001b[35mhexo-deployer-netlify\u001b[39m","time":"2017-06-09T21:53:00.621Z","v":0}
{"name":"hexo","hostname":"mcx-UX301","pid":62512,"level":20,"msg":"Plugin loaded: \u001b[35mhexo-generator-archive\u001b[39m","time":"2017-06-09T21:53:00.627Z","v":0}
{"name":"hexo","hostname":"mcx-UX301","pid":62512,"level":20,"msg":"Plugin loaded: \u001b[35mhexo-generator-feed\u001b[39m","time":"2017-06-09T21:53:00.632Z","v":0}
{"name":"hexo","hostname":"mcx-UX301","pid":62512,"level":20,"msg":"Plugin loaded: \u001b[35mhexo-generator-category\u001b[39m","time":"2017-06-09T21:53:00.637Z","v":0}
{"name":"hexo","hostname":"mcx-UX301","pid":62512,"level":20,"msg":"Plugin loaded: \u001b[35mhexo-generator-index\u001b[39m","time":"2017-06-09T21:53:00.639Z","v":0}
{"name":"hexo","hostname":"mcx-UX301","pid":62512,"level":20,"msg":"Plugin loaded: \u001b[35mhexo-generator-tag\u001b[39m","time":"2017-06-09T21:53:00.647Z","v":0}
{"name":"hexo","hostname":"mcx-UX301","pid":62512,"level":20,"msg":"Plugin loaded: \u001b[35mhexo-pdf\u001b[39m","time":"2017-06-09T21:53:00.652Z","v":0}
{"name":"hexo","hostname":"mcx-UX301","pid":62512,"level":20,"msg":"Plugin loaded: \u001b[35mhexo-renderer-ejs\u001b[39m","time":"2017-06-09T21:53:00.655Z","v":0}
{"name":"hexo","hostname":"mcx-UX301","pid":62512,"level":20,"msg":"Plugin loaded: \u001b[35mhexo-renderer-marked\u001b[39m","time":"2017-06-09T21:53:00.664Z","v":0}
{"name":"hexo","hostname":"mcx-UX301","pid":62512,"level":20,"msg":"Plugin loaded: \u001b[35mhexo-renderer-stylus\u001b[39m","time":"2017-06-09T21:53:00.667Z","v":0}
{"name":"hexo","hostname":"mcx-UX301","pid":62512,"level":20,"msg":"Plugin loaded: \u001b[35mhexo-server\u001b[39m","time":"2017-06-09T21:53:00.809Z","v":0}
{"name":"hexo","hostname":"mcx-UX301","pid":62512,"level":20,"msg":"Plugin loaded: \u001b[35mhexo-front-matter\u001b[39m","time":"2017-06-09T21:53:00.811Z","v":0}
{"name":"hexo","hostname":"mcx-UX301","pid":62512,"level":20,"msg":"Plugin loaded: \u001b[35mhexo-util\u001b[39m","time":"2017-06-09T21:53:00.812Z","v":0}
{"name":"hexo","hostname":"mcx-UX301","pid":62512,"level":20,"msg":"Script loaded: \u001b[35mthemes\\tranquilpeak\\scripts\\filters\\excerpt.js\u001b[39m","time":"2017-06-09T21:53:00.813Z","v":0}
{"name":"hexo","hostname":"mcx-UX301","pid":62512,"level":20,"msg":"Script loaded: \u001b[35mthemes\\tranquilpeak\\scripts\\filters\\thumbnail_image_url.js\u001b[39m","time":"2017-06-09T21:53:00.813Z","v":0}
{"name":"hexo","hostname":"mcx-UX301","pid":62512,"level":20,"msg":"Script loaded: \u001b[35mthemes\\tranquilpeak\\scripts\\helpers\\absolute_url.js\u001b[39m","time":"2017-06-09T21:53:00.814Z","v":0}
{"name":"hexo","hostname":"mcx-UX301","pid":62512,"level":20,"msg":"Script loaded: \u001b[35mthemes\\tranquilpeak\\scripts\\helpers\\generate_sharing_link.js\u001b[39m","time":"2017-06-09T21:53:00.815Z","v":0}
{"name":"hexo","hostname":"mcx-UX301","pid":62512,"level":20,"msg":"Script loaded: \u001b[35mthemes\\tranquilpeak\\scripts\\helpers\\is_remote_url.js\u001b[39m","time":"2017-06-09T21:53:00.815Z","v":0}
{"name":"hexo","hostname":"mcx-UX301","pid":62512,"level":20,"msg":"Script loaded: \u001b[35mthemes\\tranquilpeak\\scripts\\helpers\\resolve_asset_url.js\u001b[39m","time":"2017-06-09T21:53:00.816Z","v":0}
{"name":"hexo","hostname":"mcx-UX301","pid":62512,"level":20,"msg":"Script loaded: \u001b[35mthemes\\tranquilpeak\\scripts\\migrators\\1.4.0.js\u001b[39m","time":"2017-06-09T21:53:01.018Z","v":0}
{"name":"hexo","hostname":"mcx-UX301","pid":62512,"level":20,"msg":"Script loaded: \u001b[35mthemes\\tranquilpeak\\scripts\\tags\\alert.js\u001b[39m","time":"2017-06-09T21:53:01.019Z","v":0}
{"name":"hexo","hostname":"mcx-UX301","pid":62512,"level":20,"msg":"Script loaded: \u001b[35mthemes\\tranquilpeak\\scripts\\tags\\fancybox.js\u001b[39m","time":"2017-06-09T21:53:01.020Z","v":0}
{"name":"hexo","hostname":"mcx-UX301","pid":62512,"level":20,"msg":"Script loaded: \u001b[35mthemes\\tranquilpeak\\scripts\\tags\\highlight_text.js\u001b[39m","time":"2017-06-09T21:53:01.020Z","v":0}
{"name":"hexo","hostname":"mcx-UX301","pid":62512,"level":20,"msg":"Script loaded: \u001b[35mthemes\\tranquilpeak\\scripts\\tags\\image.js\u001b[39m","time":"2017-06-09T21:53:01.021Z","v":0}
{"name":"hexo","hostname":"mcx-UX301","pid":62512,"level":20,"msg":"Script loaded: \u001b[35mthemes\\tranquilpeak\\scripts\\tags\\wide_image.js\u001b[39m","time":"2017-06-09T21:53:01.021Z","v":0}
{"name":"hexo","hostname":"mcx-UX301","pid":62512,"level":20,"msg":"Script loaded: \u001b[35mthemes\\tranquilpeak\\scripts\\tags\\tabbed_codeblock.js\u001b[39m","time":"2017-06-09T21:53:01.985Z","v":0}
{"name":"hexo","hostname":"mcx-UX301","pid":62512,"level":20,"msg":"Database saved","time":"2017-06-09T21:53:02.097Z","v":0}
{"name":"hexo","hostname":"mcx-UX301","pid":37176,"level":20,"msg":"Hexo version: \u001b[35m3.3.7\u001b[39m","time":"2017-06-09T21:53:19.512Z","v":0}
{"name":"hexo","hostname":"mcx-UX301","pid":37176,"level":20,"msg":"Working directory: \u001b[35mD:\\mcX-Hexo\\\u001b[39m","time":"2017-06-09T21:53:19.515Z","v":0}
{"name":"hexo","hostname":"mcx-UX301","pid":37176,"level":20,"msg":"Config loaded: \u001b[35mD:\\mcX-Hexo\\_config.yml\u001b[39m","time":"2017-06-09T21:53:19.704Z","v":0}
{"name":"hexo","hostname":"mcx-UX301","pid":37176,"level":20,"msg":"Plugin loaded: \u001b[35mhexo-deployer-netlify\u001b[39m","time":"2017-06-09T21:53:19.808Z","v":0}
{"name":"hexo","hostname":"mcx-UX301","pid":37176,"level":20,"msg":"Plugin loaded: \u001b[35mhexo-generator-archive\u001b[39m","time":"2017-06-09T21:53:19.815Z","v":0}
{"name":"hexo","hostname":"mcx-UX301","pid":37176,"level":20,"msg":"Plugin loaded: \u001b[35mhexo-generator-category\u001b[39m","time":"2017-06-09T21:53:19.821Z","v":0}
{"name":"hexo","hostname":"mcx-UX301","pid":37176,"level":20,"msg":"Plugin loaded: \u001b[35mhexo-generator-index\u001b[39m","time":"2017-06-09T21:53:19.832Z","v":0}
{"name":"hexo","hostname":"mcx-UX301","pid":37176,"level":20,"msg":"Plugin loaded: \u001b[35mhexo-generator-feed\u001b[39m","time":"2017-06-09T21:53:19.839Z","v":0}
{"name":"hexo","hostname":"mcx-UX301","pid":37176,"level":20,"msg":"Plugin loaded: \u001b[35mhexo-generator-tag\u001b[39m","time":"2017-06-09T21:53:19.847Z","v":0}
{"name":"hexo","hostname":"mcx-UX301","pid":37176,"level":20,"msg":"Plugin loaded: \u001b[35mhexo-pdf\u001b[39m","time":"2017-06-09T21:53:19.852Z","v":0}
{"name":"hexo","hostname":"mcx-UX301","pid":37176,"level":20,"msg":"Plugin loaded: \u001b[35mhexo-renderer-ejs\u001b[39m","time":"2017-06-09T21:53:19.855Z","v":0}
{"name":"hexo","hostname":"mcx-UX301","pid":37176,"level":20,"msg":"Plugin loaded: \u001b[35mhexo-renderer-marked\u001b[39m","time":"2017-06-09T21:53:19.865Z","v":0}
{"name":"hexo","hostname":"mcx-UX301","pid":37176,"level":20,"msg":"Plugin loaded: \u001b[35mhexo-renderer-stylus\u001b[39m","time":"2017-06-09T21:53:19.870Z","v":0}
{"name":"hexo","hostname":"mcx-UX301","pid":37176,"level":20,"msg":"Plugin loaded: \u001b[35mhexo-server\u001b[39m","time":"2017-06-09T21:53:19.990Z","v":0}
{"name":"hexo","hostname":"mcx-UX301","pid":37176,"level":20,"msg":"Plugin loaded: \u001b[35mhexo-util\u001b[39m","time":"2017-06-09T21:53:19.991Z","v":0}
{"name":"hexo","hostname":"mcx-UX301","pid":37176,"level":20,"msg":"Plugin loaded: \u001b[35mhexo-front-matter\u001b[39m","time":"2017-06-09T21:53:19.993Z","v":0}
{"name":"hexo","hostname":"mcx-UX301","pid":37176,"level":20,"msg":"Script loaded: \u001b[35mthemes\\tranquilpeak\\scripts\\filters\\excerpt.js\u001b[39m","time":"2017-06-09T21:53:19.994Z","v":0}
{"name":"hexo","hostname":"mcx-UX301","pid":37176,"level":20,"msg":"Script loaded: \u001b[35mthemes\\tranquilpeak\\scripts\\filters\\thumbnail_image_url.js\u001b[39m","time":"2017-06-09T21:53:19.995Z","v":0}
{"name":"hexo","hostname":"mcx-UX301","pid":37176,"level":20,"msg":"Script loaded: \u001b[35mthemes\\tranquilpeak\\scripts\\helpers\\absolute_url.js\u001b[39m","time":"2017-06-09T21:53:19.995Z","v":0}
{"name":"hexo","hostname":"mcx-UX301","pid":37176,"level":20,"msg":"Script loaded: \u001b[35mthemes\\tranquilpeak\\scripts\\helpers\\generate_sharing_link.js\u001b[39m","time":"2017-06-09T21:53:19.996Z","v":0}
{"name":"hexo","hostname":"mcx-UX301","pid":37176,"level":20,"msg":"Script loaded: \u001b[35mthemes\\tranquilpeak\\scripts\\helpers\\resolve_asset_url.js\u001b[39m","time":"2017-06-09T21:53:19.996Z","v":0}
{"name":"hexo","hostname":"mcx-UX301","pid":37176,"level":20,"msg":"Script loaded: \u001b[35mthemes\\tranquilpeak\\scripts\\helpers\\is_remote_url.js\u001b[39m","time":"2017-06-09T21:53:19.997Z","v":0}
{"name":"hexo","hostname":"mcx-UX301","pid":37176,"level":20,"msg":"Script loaded: \u001b[35mthemes\\tranquilpeak\\scripts\\migrators\\1.4.0.js\u001b[39m","time":"2017-06-09T21:53:20.181Z","v":0}
{"name":"hexo","hostname":"mcx-UX301","pid":37176,"level":20,"msg":"Script loaded: \u001b[35mthemes\\tranquilpeak\\scripts\\tags\\alert.js\u001b[39m","time":"2017-06-09T21:53:20.182Z","v":0}
{"name":"hexo","hostname":"mcx-UX301","pid":37176,"level":20,"msg":"Script loaded: \u001b[35mthemes\\tranquilpeak\\scripts\\tags\\fancybox.js\u001b[39m","time":"2017-06-09T21:53:20.182Z","v":0}
{"name":"hexo","hostname":"mcx-UX301","pid":37176,"level":20,"msg":"Script loaded: \u001b[35mthemes\\tranquilpeak\\scripts\\tags\\highlight_text.js\u001b[39m","time":"2017-06-09T21:53:20.184Z","v":0}
{"name":"hexo","hostname":"mcx-UX301","pid":37176,"level":20,"msg":"Script loaded: \u001b[35mthemes\\tranquilpeak\\scripts\\tags\\image.js\u001b[39m","time":"2017-06-09T21:53:20.185Z","v":0}
{"name":"hexo","hostname":"mcx-UX301","pid":37176,"level":20,"msg":"Script loaded: \u001b[35mthemes\\tranquilpeak\\scripts\\tags\\tabbed_codeblock.js\u001b[39m","time":"2017-06-09T21:53:21.178Z","v":0}
{"name":"hexo","hostname":"mcx-UX301","pid":37176,"level":20,"msg":"Script loaded: \u001b[35mthemes\\tranquilpeak\\scripts\\tags\\wide_image.js\u001b[39m","time":"2017-06-09T21:53:21.179Z","v":0}
{"name":"hexo","hostname":"mcx-UX301","pid":37176,"level":20,"msg":"Loading database.","time":"2017-06-09T21:53:21.294Z","v":0}
{"name":"hexo","hostname":"mcx-UX301","pid":37176,"level":30,"msg":"Start processing","time":"2017-06-09T21:53:21.304Z","v":0}
{"name":"hexo","hostname":"mcx-UX301","pid":37176,"level":20,"msg":"Theme config loaded.","time":"2017-06-09T21:53:22.160Z","v":0}
{"name":"hexo","hostname":"mcx-UX301","pid":37176,"level":20,"msg":"Processed: \u001b[35m_config.yml\u001b[39m","time":"2017-06-09T21:53:22.161Z","v":0}
{"name":"hexo","hostname":"mcx-UX301","pid":37176,"level":20,"msg":"Processed: \u001b[35mlayout/.DS_Store\u001b[39m","time":"2017-06-09T21:53:22.554Z","v":0}
{"name":"hexo","hostname":"mcx-UX301","pid":37176,"level":20,"msg":"Processed: \u001b[35mlayout/all-archives.ejs\u001b[39m","time":"2017-06-09T21:53:22.555Z","v":0}
{"name":"hexo","hostname":"mcx-UX301","pid":37176,"level":20,"msg":"Processed: \u001b[35mlayout/all-categories.ejs\u001b[39m","time":"2017-06-09T21:53:22.555Z","v":0}
{"name":"hexo","hostname":"mcx-UX301","pid":37176,"level":20,"msg":"Processed: \u001b[35mlayout/all-tags.ejs\u001b[39m","time":"2017-06-09T21:53:22.555Z","v":0}
{"name":"hexo","hostname":"mcx-UX301","pid":37176,"level":20,"msg":"Processed: \u001b[35mlayout/archive.ejs\u001b[39m","time":"2017-06-09T21:53:22.556Z","v":0}
{"name":"hexo","hostname":"mcx-UX301","pid":37176,"level":20,"msg":"Processed: \u001b[35mlayout/category.ejs\u001b[39m","time":"2017-06-09T21:53:22.556Z","v":0}
{"name":"hexo","hostname":"mcx-UX301","pid":37176,"level":20,"msg":"Processed: \u001b[35mlayout/index.ejs\u001b[39m","time":"2017-06-09T21:53:22.556Z","v":0}
{"name":"hexo","hostname":"mcx-UX301","pid":37176,"level":20,"msg":"Processed: \u001b[35mlayout/layout.ejs\u001b[39m","time":"2017-06-09T21:53:22.556Z","v":0}
{"name":"hexo","hostname":"mcx-UX301","pid":37176,"level":20,"msg":"Processed: \u001b[35mlayout/page.ejs\u001b[39m","time":"2017-06-09T21:53:22.557Z","v":0}
{"name":"hexo","hostname":"mcx-UX301","pid":37176,"level":20,"msg":"Processed: \u001b[35mlayout/post.ejs\u001b[39m","time":"2017-06-09T21:53:22.557Z","v":0}
{"name":"hexo","hostname":"mcx-UX301","pid":37176,"level":20,"msg":"Processed: \u001b[35mlanguages/de-DE.yml\u001b[39m","time":"2017-06-09T21:53:22.559Z","v":0}
{"name":"hexo","hostname":"mcx-UX301","pid":37176,"level":20,"msg":"Processed: \u001b[35mlanguages/en.yml\u001b[39m","time":"2017-06-09T21:53:22.559Z","v":0}
{"name":"hexo","hostname":"mcx-UX301","pid":37176,"level":20,"msg":"Processed: \u001b[35mlanguages/es.yml\u001b[39m","time":"2017-06-09T21:53:22.560Z","v":0}
{"name":"hexo","hostname":"mcx-UX301","pid":37176,"level":20,"msg":"Processed: \u001b[35mlanguages/fa.yml\u001b[39m","time":"2017-06-09T21:53:22.560Z","v":0}
{"name":"hexo","hostname":"mcx-UX301","pid":37176,"level":20,"msg":"Processed: \u001b[35mlanguages/fr-FR.yml\u001b[39m","time":"2017-06-09T21:53:22.561Z","v":0}
{"name":"hexo","hostname":"mcx-UX301","pid":37176,"level":20,"msg":"Processed: \u001b[35mlanguages/it-IT.yml\u001b[39m","time":"2017-06-09T21:53:22.561Z","v":0}
{"name":"hexo","hostname":"mcx-UX301","pid":37176,"level":20,"msg":"Processed: \u001b[35mlanguages/ja.yml\u001b[39m","time":"2017-06-09T21:53:22.561Z","v":0}
{"name":"hexo","hostname":"mcx-UX301","pid":37176,"level":20,"msg":"Processed: \u001b[35mlanguages/pt-br.yml\u001b[39m","time":"2017-06-09T21:53:22.562Z","v":0}
{"name":"hexo","hostname":"mcx-UX301","pid":37176,"level":20,"msg":"Processed: \u001b[35mlanguages/ru.yml\u001b[39m","time":"2017-06-09T21:53:22.562Z","v":0}
{"name":"hexo","hostname":"mcx-UX301","pid":37176,"level":20,"msg":"Processed: \u001b[35mlanguages/zh-cn.yml\u001b[39m","time":"2017-06-09T21:53:22.563Z","v":0}
{"name":"hexo","hostname":"mcx-UX301","pid":37176,"level":20,"msg":"Processed: \u001b[35mlanguages/zh-tw.yml\u001b[39m","time":"2017-06-09T21:53:22.563Z","v":0}
{"name":"hexo","hostname":"mcx-UX301","pid":37176,"level":20,"msg":"Processed: \u001b[35mlayout/tag.ejs\u001b[39m","time":"2017-06-09T21:53:22.683Z","v":0}
{"name":"hexo","hostname":"mcx-UX301","pid":37176,"level":20,"msg":"Processed: \u001b[35msource/assets/css/font-awesome.css\u001b[39m","time":"2017-06-09T21:53:22.723Z","v":0}
{"name":"hexo","hostname":"mcx-UX301","pid":37176,"level":20,"msg":"Processed: \u001b[35msource/assets/css/jquery.fancybox-thumbs.css\u001b[39m","time":"2017-06-09T21:53:22.724Z","v":0}
{"name":"hexo","hostname":"mcx-UX301","pid":37176,"level":20,"msg":"Processed: \u001b[35msource/assets/css/jquery.fancybox.css\u001b[39m","time":"2017-06-09T21:53:22.725Z","v":0}
{"name":"hexo","hostname":"mcx-UX301","pid":37176,"level":20,"msg":"Processed: \u001b[35msource/assets/images/blank.gif\u001b[39m","time":"2017-06-09T21:53:22.726Z","v":0}
{"name":"hexo","hostname":"mcx-UX301","pid":37176,"level":20,"msg":"Processed: \u001b[35msource/assets/images/fancybox_loading.gif\u001b[39m","time":"2017-06-09T21:53:22.727Z","v":0}
{"name":"hexo","hostname":"mcx-UX301","pid":37176,"level":20,"msg":"Processed: \u001b[35msource/assets/images/fancybox_loading@2x.gif\u001b[39m","time":"2017-06-09T21:53:22.727Z","v":0}
{"name":"hexo","hostname":"mcx-UX301","pid":37176,"level":20,"msg":"Processed: \u001b[35msource/assets/images/fancybox_overlay.png\u001b[39m","time":"2017-06-09T21:53:22.728Z","v":0}
{"name":"hexo","hostname":"mcx-UX301","pid":37176,"level":20,"msg":"Processed: \u001b[35msource/assets/images/fancybox_sprite.png\u001b[39m","time":"2017-06-09T21:53:22.729Z","v":0}
{"name":"hexo","hostname":"mcx-UX301","pid":37176,"level":20,"msg":"Processed: \u001b[35msource/assets/images/fancybox_sprite@2x.png\u001b[39m","time":"2017-06-09T21:53:22.730Z","v":0}
{"name":"hexo","hostname":"mcx-UX301","pid":37176,"level":20,"msg":"Processed: \u001b[35msource/assets/fonts/fontawesome-webfont.eot\u001b[39m","time":"2017-06-09T21:53:22.731Z","v":0}
{"name":"hexo","hostname":"mcx-UX301","pid":37176,"level":20,"msg":"Processed: \u001b[35msource/assets/fonts/fontawesome-webfont.woff2\u001b[39m","time":"2017-06-09T21:53:22.731Z","v":0}
{"name":"hexo","hostname":"mcx-UX301","pid":37176,"level":20,"msg":"Processed: \u001b[35msource/assets/js/jquery.fancybox-thumbs.js\u001b[39m","time":"2017-06-09T21:53:22.732Z","v":0}
{"name":"hexo","hostname":"mcx-UX301","pid":37176,"level":20,"msg":"Processed: \u001b[35msource/assets/js/jquery.fancybox.js\u001b[39m","time":"2017-06-09T21:53:22.732Z","v":0}
{"name":"hexo","hostname":"mcx-UX301","pid":37176,"level":20,"msg":"Processed: \u001b[35msource/assets/js/tranquilpeak.js\u001b[39m","time":"2017-06-09T21:53:22.733Z","v":0}
{"name":"hexo","hostname":"mcx-UX301","pid":37176,"level":20,"msg":"Processed: \u001b[35mlayout/_partial/about.ejs\u001b[39m","time":"2017-06-09T21:53:22.802Z","v":0}
{"name":"hexo","hostname":"mcx-UX301","pid":37176,"level":20,"msg":"Processed: \u001b[35mlayout/_partial/archive-post.ejs\u001b[39m","time":"2017-06-09T21:53:22.803Z","v":0}
{"name":"hexo","hostname":"mcx-UX301","pid":37176,"level":20,"msg":"Processed: \u001b[35mlayout/_partial/archive.ejs\u001b[39m","time":"2017-06-09T21:53:22.803Z","v":0}
{"name":"hexo","hostname":"mcx-UX301","pid":37176,"level":20,"msg":"Processed: \u001b[35mlayout/_partial/baidu-analytics.ejs\u001b[39m","time":"2017-06-09T21:53:22.803Z","v":0}
{"name":"hexo","hostname":"mcx-UX301","pid":37176,"level":20,"msg":"Processed: \u001b[35mlayout/_partial/cover.ejs\u001b[39m","time":"2017-06-09T21:53:22.803Z","v":0}
{"name":"hexo","hostname":"mcx-UX301","pid":37176,"level":20,"msg":"Processed: \u001b[35mlayout/_partial/footer.ejs\u001b[39m","time":"2017-06-09T21:53:22.804Z","v":0}
{"name":"hexo","hostname":"mcx-UX301","pid":37176,"level":20,"msg":"Processed: \u001b[35mlayout/_partial/google-analytics.ejs\u001b[39m","time":"2017-06-09T21:53:22.804Z","v":0}
{"name":"hexo","hostname":"mcx-UX301","pid":37176,"level":20,"msg":"Processed: \u001b[35mlayout/_partial/head.ejs\u001b[39m","time":"2017-06-09T21:53:22.804Z","v":0}
{"name":"hexo","hostname":"mcx-UX301","pid":37176,"level":20,"msg":"Processed: \u001b[35mlayout/_partial/header.ejs\u001b[39m","time":"2017-06-09T21:53:22.805Z","v":0}
{"name":"hexo","hostname":"mcx-UX301","pid":37176,"level":20,"msg":"Processed: \u001b[35mlayout/_partial/index.ejs\u001b[39m","time":"2017-06-09T21:53:22.805Z","v":0}
{"name":"hexo","hostname":"mcx-UX301","pid":37176,"level":20,"msg":"Processed: \u001b[35mlayout/_partial/pagination.ejs\u001b[39m","time":"2017-06-09T21:53:22.805Z","v":0}
{"name":"hexo","hostname":"mcx-UX301","pid":37176,"level":20,"msg":"Processed: \u001b[35mlayout/_partial/post.ejs\u001b[39m","time":"2017-06-09T21:53:22.805Z","v":0}
{"name":"hexo","hostname":"mcx-UX301","pid":37176,"level":20,"msg":"Processed: \u001b[35mlayout/_partial/script.ejs\u001b[39m","time":"2017-06-09T21:53:22.806Z","v":0}
{"name":"hexo","hostname":"mcx-UX301","pid":37176,"level":20,"msg":"Processed: \u001b[35mlayout/_partial/search.ejs\u001b[39m","time":"2017-06-09T21:53:22.806Z","v":0}
{"name":"hexo","hostname":"mcx-UX301","pid":37176,"level":20,"msg":"Processed: \u001b[35mlayout/_partial/sidebar.ejs\u001b[39m","time":"2017-06-09T21:53:22.807Z","v":0}
{"name":"hexo","hostname":"mcx-UX301","pid":37176,"level":20,"msg":"Processed: \u001b[35m_posts/hello-world.md\u001b[39m","time":"2017-06-09T21:53:22.807Z","v":0}
{"name":"hexo","hostname":"mcx-UX301","pid":37176,"level":20,"msg":"Processed: \u001b[35msource/assets/css/style-sxklfps8ywgfyyjcowvnb4gxdgt0zjts3hsguljmv9uqanxjbnitrovtbrek.min.css\u001b[39m","time":"2017-06-09T21:53:22.808Z","v":0}
{"name":"hexo","hostname":"mcx-UX301","pid":37176,"level":20,"msg":"Processed: \u001b[35msource/assets/css/tranquilpeak.css\u001b[39m","time":"2017-06-09T21:53:22.809Z","v":0}
{"name":"hexo","hostname":"mcx-UX301","pid":37176,"level":20,"msg":"Processed: \u001b[35msource/assets/fonts/FontAwesome.otf\u001b[39m","time":"2017-06-09T21:53:22.810Z","v":0}
{"name":"hexo","hostname":"mcx-UX301","pid":37176,"level":20,"msg":"Processed: \u001b[35msource/assets/fonts/fontawesome-webfont.ttf\u001b[39m","time":"2017-06-09T21:53:22.811Z","v":0}
{"name":"hexo","hostname":"mcx-UX301","pid":37176,"level":20,"msg":"Processed: \u001b[35msource/assets/fonts/fontawesome-webfont.woff\u001b[39m","time":"2017-06-09T21:53:22.812Z","v":0}
{"name":"hexo","hostname":"mcx-UX301","pid":37176,"level":20,"msg":"Processed: \u001b[35msource/assets/js/script-ivwiy10zeb8fifc4swnhkwneuk64y53w2scmdmtp8thi9cqfxh31aowtroaz.min.js\u001b[39m","time":"2017-06-09T21:53:22.813Z","v":0}
{"name":"hexo","hostname":"mcx-UX301","pid":37176,"level":20,"msg":"Processed: \u001b[35msource/assets/css/style.css\u001b[39m","time":"2017-06-09T21:53:22.961Z","v":0}
{"name":"hexo","hostname":"mcx-UX301","pid":37176,"level":20,"msg":"Processed: \u001b[35mlayout/_partial/post/actions.ejs\u001b[39m","time":"2017-06-09T21:53:22.985Z","v":0}
{"name":"hexo","hostname":"mcx-UX301","pid":37176,"level":20,"msg":"Processed: \u001b[35mlayout/_partial/post/category.ejs\u001b[39m","time":"2017-06-09T21:53:22.985Z","v":0}
{"name":"hexo","hostname":"mcx-UX301","pid":37176,"level":20,"msg":"Processed: \u001b[35mlayout/_partial/post/disqus.ejs\u001b[39m","time":"2017-06-09T21:53:22.986Z","v":0}
{"name":"hexo","hostname":"mcx-UX301","pid":37176,"level":20,"msg":"Processed: \u001b[35mlayout/_partial/post/duoshuo.ejs\u001b[39m","time":"2017-06-09T21:53:22.986Z","v":0}
{"name":"hexo","hostname":"mcx-UX301","pid":37176,"level":20,"msg":"Processed: \u001b[35mlayout/_partial/post/gallery.ejs\u001b[39m","time":"2017-06-09T21:53:22.986Z","v":0}
{"name":"hexo","hostname":"mcx-UX301","pid":37176,"level":20,"msg":"Processed: \u001b[35mlayout/_partial/post/header-cover.ejs\u001b[39m","time":"2017-06-09T21:53:23.000Z","v":0}
{"name":"hexo","hostname":"mcx-UX301","pid":37176,"level":20,"msg":"Processed: \u001b[35mlayout/_partial/post/header.ejs\u001b[39m","time":"2017-06-09T21:53:23.000Z","v":0}
{"name":"hexo","hostname":"mcx-UX301","pid":37176,"level":20,"msg":"Processed: \u001b[35mlayout/_partial/post/meta.ejs\u001b[39m","time":"2017-06-09T21:53:23.001Z","v":0}
{"name":"hexo","hostname":"mcx-UX301","pid":37176,"level":20,"msg":"Processed: \u001b[35mlayout/_partial/post/share-options.ejs\u001b[39m","time":"2017-06-09T21:53:23.001Z","v":0}
{"name":"hexo","hostname":"mcx-UX301","pid":37176,"level":20,"msg":"Processed: \u001b[35mlayout/_partial/post/tag.ejs\u001b[39m","time":"2017-06-09T21:53:23.001Z","v":0}
{"name":"hexo","hostname":"mcx-UX301","pid":37176,"level":20,"msg":"Processed: \u001b[35msource/assets/images/cover.jpg\u001b[39m","time":"2017-06-09T21:53:23.003Z","v":0}
{"name":"hexo","hostname":"mcx-UX301","pid":37176,"level":20,"msg":"Processed: \u001b[35msource/assets/js/jquery.js\u001b[39m","time":"2017-06-09T21:53:23.003Z","v":0}
{"name":"hexo","hostname":"mcx-UX301","pid":37176,"level":20,"msg":"Processed: \u001b[35msource/assets/fonts/fontawesome-webfont.svg\u001b[39m","time":"2017-06-09T21:53:23.026Z","v":0}
{"name":"hexo","hostname":"mcx-UX301","pid":37176,"level":20,"msg":"Processed: \u001b[35mnode_modules/highlight.js/lib/languages/1c.js\u001b[39m","time":"2017-06-09T21:53:23.045Z","v":0}
{"name":"hexo","hostname":"mcx-UX301","pid":37176,"level":20,"msg":"Processed: \u001b[35mnode_modules/highlight.js/lib/languages/abnf.js\u001b[39m","time":"2017-06-09T21:53:23.046Z","v":0}
{"name":"hexo","hostname":"mcx-UX301","pid":37176,"level":20,"msg":"Processed: \u001b[35mnode_modules/highlight.js/lib/languages/accesslog.js\u001b[39m","time":"2017-06-09T21:53:23.046Z","v":0}
{"name":"hexo","hostname":"mcx-UX301","pid":37176,"level":20,"msg":"Processed: \u001b[35mnode_modules/highlight.js/lib/languages/actionscript.js\u001b[39m","time":"2017-06-09T21:53:23.046Z","v":0}
{"name":"hexo","hostname":"mcx-UX301","pid":37176,"level":20,"msg":"Processed: \u001b[35mnode_modules/highlight.js/lib/languages/apache.js\u001b[39m","time":"2017-06-09T21:53:23.047Z","v":0}
{"name":"hexo","hostname":"mcx-UX301","pid":37176,"level":20,"msg":"Processed: \u001b[35mnode_modules/highlight.js/lib/languages/ada.js\u001b[39m","time":"2017-06-09T21:53:23.047Z","v":0}
{"name":"hexo","hostname":"mcx-UX301","pid":37176,"level":20,"msg":"Processed: \u001b[35mnode_modules/highlight.js/lib/languages/applescript.js\u001b[39m","time":"2017-06-09T21:53:23.047Z","v":0}
{"name":"hexo","hostname":"mcx-UX301","pid":37176,"level":20,"msg":"Processed: \u001b[35mnode_modules/highlight.js/lib/languages/arduino.js\u001b[39m","time":"2017-06-09T21:53:23.048Z","v":0}
{"name":"hexo","hostname":"mcx-UX301","pid":37176,"level":20,"msg":"Processed: \u001b[35mnode_modules/highlight.js/lib/languages/armasm.js\u001b[39m","time":"2017-06-09T21:53:23.048Z","v":0}
{"name":"hexo","hostname":"mcx-UX301","pid":37176,"level":20,"msg":"Processed: \u001b[35mnode_modules/highlight.js/lib/languages/asciidoc.js\u001b[39m","time":"2017-06-09T21:53:23.049Z","v":0}
{"name":"hexo","hostname":"mcx-UX301","pid":37176,"level":20,"msg":"Processed: \u001b[35mnode_modules/highlight.js/lib/languages/aspectj.js\u001b[39m","time":"2017-06-09T21:53:23.049Z","v":0}
{"name":"hexo","hostname":"mcx-UX301","pid":37176,"level":20,"msg":"Processed: \u001b[35mnode_modules/highlight.js/lib/languages/autohotkey.js\u001b[39m","time":"2017-06-09T21:53:23.050Z","v":0}
{"name":"hexo","hostname":"mcx-UX301","pid":37176,"level":20,"msg":"Processed: \u001b[35mnode_modules/highlight.js/lib/languages/autoit.js\u001b[39m","time":"2017-06-09T21:53:23.050Z","v":0}
{"name":"hexo","hostname":"mcx-UX301","pid":37176,"level":20,"msg":"Processed: \u001b[35mnode_modules/highlight.js/lib/languages/avrasm.js\u001b[39m","time":"2017-06-09T21:53:23.050Z","v":0}
{"name":"hexo","hostname":"mcx-UX301","pid":37176,"level":20,"msg":"Processed: \u001b[35mnode_modules/highlight.js/lib/languages/awk.js\u001b[39m","time":"2017-06-09T21:53:23.051Z","v":0}
{"name":"hexo","hostname":"mcx-UX301","pid":37176,"level":20,"msg":"Processed: \u001b[35mnode_modules/highlight.js/lib/languages/axapta.js\u001b[39m","time":"2017-06-09T21:53:23.051Z","v":0}
{"name":"hexo","hostname":"mcx-UX301","pid":37176,"level":20,"msg":"Processed: \u001b[35mnode_modules/highlight.js/lib/languages/bash.js\u001b[39m","time":"2017-06-09T21:53:23.051Z","v":0}
{"name":"hexo","hostname":"mcx-UX301","pid":37176,"level":20,"msg":"Processed: \u001b[35mnode_modules/highlight.js/lib/languages/basic.js\u001b[39m","time":"2017-06-09T21:53:23.052Z","v":0}
{"name":"hexo","hostname":"mcx-UX301","pid":37176,"level":20,"msg":"Processed: \u001b[35mnode_modules/highlight.js/lib/languages/bnf.js\u001b[39m","time":"2017-06-09T21:53:23.052Z","v":0}
{"name":"hexo","hostname":"mcx-UX301","pid":37176,"level":20,"msg":"Processed: \u001b[35mnode_modules/highlight.js/lib/languages/brainfuck.js\u001b[39m","time":"2017-06-09T21:53:23.053Z","v":0}
{"name":"hexo","hostname":"mcx-UX301","pid":37176,"level":20,"msg":"Processed: \u001b[35mnode_modules/highlight.js/lib/languages/cal.js\u001b[39m","time":"2017-06-09T21:53:23.054Z","v":0}
{"name":"hexo","hostname":"mcx-UX301","pid":37176,"level":20,"msg":"Processed: \u001b[35mnode_modules/highlight.js/lib/languages/ceylon.js\u001b[39m","time":"2017-06-09T21:53:23.054Z","v":0}
{"name":"hexo","hostname":"mcx-UX301","pid":37176,"level":20,"msg":"Processed: \u001b[35mnode_modules/highlight.js/lib/languages/capnproto.js\u001b[39m","time":"2017-06-09T21:53:23.055Z","v":0}
{"name":"hexo","hostname":"mcx-UX301","pid":37176,"level":20,"msg":"Processed: \u001b[35mnode_modules/highlight.js/lib/languages/clean.js\u001b[39m","time":"2017-06-09T21:53:23.055Z","v":0}
{"name":"hexo","hostname":"mcx-UX301","pid":37176,"level":20,"msg":"Processed: \u001b[35mnode_modules/highlight.js/lib/languages/clojure-repl.js\u001b[39m","time":"2017-06-09T21:53:23.056Z","v":0}
{"name":"hexo","hostname":"mcx-UX301","pid":37176,"level":20,"msg":"Processed: \u001b[35mnode_modules/highlight.js/lib/languages/clojure.js\u001b[39m","time":"2017-06-09T21:53:23.056Z","v":0}
{"name":"hexo","hostname":"mcx-UX301","pid":37176,"level":20,"msg":"Processed: \u001b[35mnode_modules/highlight.js/lib/languages/cmake.js\u001b[39m","time":"2017-06-09T21:53:23.057Z","v":0}
{"name":"hexo","hostname":"mcx-UX301","pid":37176,"level":20,"msg":"Processed: \u001b[35mnode_modules/highlight.js/lib/languages/coffeescript.js\u001b[39m","time":"2017-06-09T21:53:23.058Z","v":0}
{"name":"hexo","hostname":"mcx-UX301","pid":37176,"level":20,"msg":"Processed: \u001b[35mnode_modules/highlight.js/lib/languages/coq.js\u001b[39m","time":"2017-06-09T21:53:23.058Z","v":0}
{"name":"hexo","hostname":"mcx-UX301","pid":37176,"level":20,"msg":"Processed: \u001b[35mnode_modules/highlight.js/lib/languages/cos.js\u001b[39m","time":"2017-06-09T21:53:23.059Z","v":0}
{"name":"hexo","hostname":"mcx-UX301","pid":37176,"level":20,"msg":"Processed: \u001b[35mnode_modules/highlight.js/lib/languages/cpp.js\u001b[39m","time":"2017-06-09T21:53:23.059Z","v":0}
{"name":"hexo","hostname":"mcx-UX301","pid":37176,"level":20,"msg":"Processed: \u001b[35mnode_modules/highlight.js/lib/languages/crmsh.js\u001b[39m","time":"2017-06-09T21:53:23.059Z","v":0}
{"name":"hexo","hostname":"mcx-UX301","pid":37176,"level":20,"msg":"Processed: \u001b[35mnode_modules/highlight.js/lib/languages/crystal.js\u001b[39m","time":"2017-06-09T21:53:23.059Z","v":0}
{"name":"hexo","hostname":"mcx-UX301","pid":37176,"level":20,"msg":"Processed: \u001b[35mnode_modules/highlight.js/lib/languages/cs.js\u001b[39m","time":"2017-06-09T21:53:23.060Z","v":0}
{"name":"hexo","hostname":"mcx-UX301","pid":37176,"level":20,"msg":"Processed: \u001b[35mnode_modules/highlight.js/lib/languages/csp.js\u001b[39m","time":"2017-06-09T21:53:23.060Z","v":0}
{"name":"hexo","hostname":"mcx-UX301","pid":37176,"level":20,"msg":"Processed: \u001b[35mnode_modules/highlight.js/lib/languages/css.js\u001b[39m","time":"2017-06-09T21:53:23.060Z","v":0}
{"name":"hexo","hostname":"mcx-UX301","pid":37176,"level":20,"msg":"Processed: \u001b[35mnode_modules/highlight.js/lib/languages/dart.js\u001b[39m","time":"2017-06-09T21:53:23.061Z","v":0}
{"name":"hexo","hostname":"mcx-UX301","pid":37176,"level":20,"msg":"Processed: \u001b[35mnode_modules/highlight.js/lib/languages/d.js\u001b[39m","time":"2017-06-09T21:53:23.061Z","v":0}
{"name":"hexo","hostname":"mcx-UX301","pid":37176,"level":20,"msg":"Processed: \u001b[35mnode_modules/highlight.js/lib/languages/delphi.js\u001b[39m","time":"2017-06-09T21:53:23.062Z","v":0}
{"name":"hexo","hostname":"mcx-UX301","pid":37176,"level":20,"msg":"Processed: \u001b[35mnode_modules/highlight.js/lib/languages/diff.js\u001b[39m","time":"2017-06-09T21:53:23.062Z","v":0}
{"name":"hexo","hostname":"mcx-UX301","pid":37176,"level":20,"msg":"Processed: \u001b[35mnode_modules/highlight.js/lib/languages/django.js\u001b[39m","time":"2017-06-09T21:53:23.062Z","v":0}
{"name":"hexo","hostname":"mcx-UX301","pid":37176,"level":20,"msg":"Processed: \u001b[35mnode_modules/highlight.js/lib/languages/dns.js\u001b[39m","time":"2017-06-09T21:53:23.063Z","v":0}
{"name":"hexo","hostname":"mcx-UX301","pid":37176,"level":20,"msg":"Processed: \u001b[35mnode_modules/highlight.js/lib/languages/dockerfile.js\u001b[39m","time":"2017-06-09T21:53:23.063Z","v":0}
{"name":"hexo","hostname":"mcx-UX301","pid":37176,"level":20,"msg":"Processed: \u001b[35mnode_modules/highlight.js/lib/languages/dos.js\u001b[39m","time":"2017-06-09T21:53:23.063Z","v":0}
{"name":"hexo","hostname":"mcx-UX301","pid":37176,"level":20,"msg":"Processed: \u001b[35mnode_modules/highlight.js/lib/languages/dsconfig.js\u001b[39m","time":"2017-06-09T21:53:23.063Z","v":0}
{"name":"hexo","hostname":"mcx-UX301","pid":37176,"level":20,"msg":"Processed: \u001b[35mnode_modules/highlight.js/lib/languages/dts.js\u001b[39m","time":"2017-06-09T21:53:23.064Z","v":0}
{"name":"hexo","hostname":"mcx-UX301","pid":37176,"level":20,"msg":"Processed: \u001b[35mnode_modules/highlight.js/lib/languages/dust.js\u001b[39m","time":"2017-06-09T21:53:23.064Z","v":0}
{"name":"hexo","hostname":"mcx-UX301","pid":37176,"level":20,"msg":"Processed: \u001b[35mnode_modules/highlight.js/lib/languages/ebnf.js\u001b[39m","time":"2017-06-09T21:53:23.065Z","v":0}
{"name":"hexo","hostname":"mcx-UX301","pid":37176,"level":20,"msg":"Processed: \u001b[35mnode_modules/highlight.js/lib/languages/elixir.js\u001b[39m","time":"2017-06-09T21:53:23.065Z","v":0}
{"name":"hexo","hostname":"mcx-UX301","pid":37176,"level":20,"msg":"Processed: \u001b[35mnode_modules/highlight.js/lib/languages/elm.js\u001b[39m","time":"2017-06-09T21:53:23.065Z","v":0}
{"name":"hexo","hostname":"mcx-UX301","pid":37176,"level":20,"msg":"Processed: \u001b[35mnode_modules/highlight.js/lib/languages/erb.js\u001b[39m","time":"2017-06-09T21:53:23.066Z","v":0}
{"name":"hexo","hostname":"mcx-UX301","pid":37176,"level":20,"msg":"Processed: \u001b[35mnode_modules/highlight.js/lib/languages/erlang-repl.js\u001b[39m","time":"2017-06-09T21:53:23.066Z","v":0}
{"name":"hexo","hostname":"mcx-UX301","pid":37176,"level":20,"msg":"Processed: \u001b[35mnode_modules/highlight.js/lib/languages/erlang.js\u001b[39m","time":"2017-06-09T21:53:23.066Z","v":0}
{"name":"hexo","hostname":"mcx-UX301","pid":37176,"level":20,"msg":"Processed: \u001b[35mnode_modules/highlight.js/lib/languages/excel.js\u001b[39m","time":"2017-06-09T21:53:23.067Z","v":0}
{"name":"hexo","hostname":"mcx-UX301","pid":37176,"level":20,"msg":"Processed: \u001b[35mnode_modules/highlight.js/lib/languages/fix.js\u001b[39m","time":"2017-06-09T21:53:23.067Z","v":0}
{"name":"hexo","hostname":"mcx-UX301","pid":37176,"level":20,"msg":"Processed: \u001b[35mnode_modules/highlight.js/lib/languages/flix.js\u001b[39m","time":"2017-06-09T21:53:23.068Z","v":0}
{"name":"hexo","hostname":"mcx-UX301","pid":37176,"level":20,"msg":"Processed: \u001b[35mnode_modules/highlight.js/lib/languages/fortran.js\u001b[39m","time":"2017-06-09T21:53:23.068Z","v":0}
{"name":"hexo","hostname":"mcx-UX301","pid":37176,"level":20,"msg":"Processed: \u001b[35mnode_modules/highlight.js/lib/languages/fsharp.js\u001b[39m","time":"2017-06-09T21:53:23.069Z","v":0}
{"name":"hexo","hostname":"mcx-UX301","pid":37176,"level":20,"msg":"Processed: \u001b[35mnode_modules/highlight.js/lib/languages/gams.js\u001b[39m","time":"2017-06-09T21:53:23.070Z","v":0}
{"name":"hexo","hostname":"mcx-UX301","pid":37176,"level":20,"msg":"Processed: \u001b[35mnode_modules/highlight.js/lib/languages/gauss.js\u001b[39m","time":"2017-06-09T21:53:23.070Z","v":0}
{"name":"hexo","hostname":"mcx-UX301","pid":37176,"level":20,"msg":"Processed: \u001b[35mnode_modules/highlight.js/lib/languages/gcode.js\u001b[39m","time":"2017-06-09T21:53:23.070Z","v":0}
{"name":"hexo","hostname":"mcx-UX301","pid":37176,"level":20,"msg":"Processed: \u001b[35mnode_modules/highlight.js/lib/languages/gherkin.js\u001b[39m","time":"2017-06-09T21:53:23.071Z","v":0}
{"name":"hexo","hostname":"mcx-UX301","pid":37176,"level":20,"msg":"Processed: \u001b[35mnode_modules/highlight.js/lib/languages/glsl.js\u001b[39m","time":"2017-06-09T21:53:23.071Z","v":0}
{"name":"hexo","hostname":"mcx-UX301","pid":37176,"level":20,"msg":"Processed: \u001b[35mnode_modules/highlight.js/lib/languages/go.js\u001b[39m","time":"2017-06-09T21:53:23.071Z","v":0}
{"name":"hexo","hostname":"mcx-UX301","pid":37176,"level":20,"msg":"Processed: \u001b[35mnode_modules/highlight.js/lib/languages/golo.js\u001b[39m","time":"2017-06-09T21:53:23.072Z","v":0}
{"name":"hexo","hostname":"mcx-UX301","pid":37176,"level":20,"msg":"Processed: \u001b[35mnode_modules/highlight.js/lib/languages/gradle.js\u001b[39m","time":"2017-06-09T21:53:23.072Z","v":0}
{"name":"hexo","hostname":"mcx-UX301","pid":37176,"level":20,"msg":"Processed: \u001b[35mnode_modules/highlight.js/lib/languages/groovy.js\u001b[39m","time":"2017-06-09T21:53:23.072Z","v":0}
{"name":"hexo","hostname":"mcx-UX301","pid":37176,"level":20,"msg":"Processed: \u001b[35mnode_modules/highlight.js/lib/languages/haml.js\u001b[39m","time":"2017-06-09T21:53:23.073Z","v":0}
{"name":"hexo","hostname":"mcx-UX301","pid":37176,"level":20,"msg":"Processed: \u001b[35mnode_modules/highlight.js/lib/languages/handlebars.js\u001b[39m","time":"2017-06-09T21:53:23.073Z","v":0}
{"name":"hexo","hostname":"mcx-UX301","pid":37176,"level":20,"msg":"Processed: \u001b[35mnode_modules/highlight.js/lib/languages/haxe.js\u001b[39m","time":"2017-06-09T21:53:23.074Z","v":0}
{"name":"hexo","hostname":"mcx-UX301","pid":37176,"level":20,"msg":"Processed: \u001b[35mnode_modules/highlight.js/lib/languages/haskell.js\u001b[39m","time":"2017-06-09T21:53:23.074Z","v":0}
{"name":"hexo","hostname":"mcx-UX301","pid":37176,"level":20,"msg":"Processed: \u001b[35mnode_modules/highlight.js/lib/languages/hsp.js\u001b[39m","time":"2017-06-09T21:53:23.075Z","v":0}
{"name":"hexo","hostname":"mcx-UX301","pid":37176,"level":20,"msg":"Processed: \u001b[35mnode_modules/highlight.js/lib/languages/htmlbars.js\u001b[39m","time":"2017-06-09T21:53:23.075Z","v":0}
{"name":"hexo","hostname":"mcx-UX301","pid":37176,"level":20,"msg":"Processed: \u001b[35mnode_modules/highlight.js/lib/languages/http.js\u001b[39m","time":"2017-06-09T21:53:23.075Z","v":0}
{"name":"hexo","hostname":"mcx-UX301","pid":37176,"level":20,"msg":"Processed: \u001b[35mnode_modules/highlight.js/lib/languages/hy.js\u001b[39m","time":"2017-06-09T21:53:23.076Z","v":0}
{"name":"hexo","hostname":"mcx-UX301","pid":37176,"level":20,"msg":"Processed: \u001b[35mnode_modules/highlight.js/lib/languages/inform7.js\u001b[39m","time":"2017-06-09T21:53:23.076Z","v":0}
{"name":"hexo","hostname":"mcx-UX301","pid":37176,"level":20,"msg":"Processed: \u001b[35mnode_modules/highlight.js/lib/languages/ini.js\u001b[39m","time":"2017-06-09T21:53:23.077Z","v":0}
{"name":"hexo","hostname":"mcx-UX301","pid":37176,"level":20,"msg":"Processed: \u001b[35mnode_modules/highlight.js/lib/languages/irpf90.js\u001b[39m","time":"2017-06-09T21:53:23.077Z","v":0}
{"name":"hexo","hostname":"mcx-UX301","pid":37176,"level":20,"msg":"Processed: \u001b[35mnode_modules/highlight.js/lib/languages/java.js\u001b[39m","time":"2017-06-09T21:53:23.077Z","v":0}
{"name":"hexo","hostname":"mcx-UX301","pid":37176,"level":20,"msg":"Processed: \u001b[35mnode_modules/highlight.js/lib/languages/javascript.js\u001b[39m","time":"2017-06-09T21:53:23.078Z","v":0}
{"name":"hexo","hostname":"mcx-UX301","pid":37176,"level":20,"msg":"Processed: \u001b[35mnode_modules/highlight.js/lib/languages/json.js\u001b[39m","time":"2017-06-09T21:53:23.078Z","v":0}
{"name":"hexo","hostname":"mcx-UX301","pid":37176,"level":20,"msg":"Processed: \u001b[35mnode_modules/highlight.js/lib/languages/julia.js\u001b[39m","time":"2017-06-09T21:53:23.078Z","v":0}
{"name":"hexo","hostname":"mcx-UX301","pid":37176,"level":20,"msg":"Processed: \u001b[35mnode_modules/highlight.js/lib/languages/kotlin.js\u001b[39m","time":"2017-06-09T21:53:23.079Z","v":0}
{"name":"hexo","hostname":"mcx-UX301","pid":37176,"level":20,"msg":"Processed: \u001b[35mnode_modules/highlight.js/lib/languages/lasso.js\u001b[39m","time":"2017-06-09T21:53:23.079Z","v":0}
{"name":"hexo","hostname":"mcx-UX301","pid":37176,"level":20,"msg":"Processed: \u001b[35mnode_modules/highlight.js/lib/languages/ldif.js\u001b[39m","time":"2017-06-09T21:53:23.079Z","v":0}
{"name":"hexo","hostname":"mcx-UX301","pid":37176,"level":20,"msg":"Processed: \u001b[35mnode_modules/highlight.js/lib/languages/leaf.js\u001b[39m","time":"2017-06-09T21:53:23.079Z","v":0}
{"name":"hexo","hostname":"mcx-UX301","pid":37176,"level":20,"msg":"Processed: \u001b[35mnode_modules/highlight.js/lib/languages/less.js\u001b[39m","time":"2017-06-09T21:53:23.080Z","v":0}
{"name":"hexo","hostname":"mcx-UX301","pid":37176,"level":20,"msg":"Processed: \u001b[35mnode_modules/highlight.js/lib/languages/lisp.js\u001b[39m","time":"2017-06-09T21:53:23.081Z","v":0}
{"name":"hexo","hostname":"mcx-UX301","pid":37176,"level":20,"msg":"Processed: \u001b[35mnode_modules/highlight.js/lib/languages/livecodeserver.js\u001b[39m","time":"2017-06-09T21:53:23.081Z","v":0}
{"name":"hexo","hostname":"mcx-UX301","pid":37176,"level":20,"msg":"Processed: \u001b[35mnode_modules/highlight.js/lib/languages/livescript.js\u001b[39m","time":"2017-06-09T21:53:23.081Z","v":0}
{"name":"hexo","hostname":"mcx-UX301","pid":37176,"level":20,"msg":"Processed: \u001b[35mnode_modules/highlight.js/lib/languages/llvm.js\u001b[39m","time":"2017-06-09T21:53:23.082Z","v":0}
{"name":"hexo","hostname":"mcx-UX301","pid":37176,"level":20,"msg":"Processed: \u001b[35mnode_modules/highlight.js/lib/languages/lsl.js\u001b[39m","time":"2017-06-09T21:53:23.082Z","v":0}
{"name":"hexo","hostname":"mcx-UX301","pid":37176,"level":20,"msg":"Processed: \u001b[35mnode_modules/highlight.js/lib/languages/lua.js\u001b[39m","time":"2017-06-09T21:53:23.082Z","v":0}
{"name":"hexo","hostname":"mcx-UX301","pid":37176,"level":20,"msg":"Processed: \u001b[35mnode_modules/highlight.js/lib/languages/makefile.js\u001b[39m","time":"2017-06-09T21:53:23.083Z","v":0}
{"name":"hexo","hostname":"mcx-UX301","pid":37176,"level":20,"msg":"Processed: \u001b[35mnode_modules/highlight.js/lib/languages/markdown.js\u001b[39m","time":"2017-06-09T21:53:23.083Z","v":0}
{"name":"hexo","hostname":"mcx-UX301","pid":37176,"level":20,"msg":"Processed: \u001b[35mnode_modules/highlight.js/lib/languages/matlab.js\u001b[39m","time":"2017-06-09T21:53:23.084Z","v":0}
{"name":"hexo","hostname":"mcx-UX301","pid":37176,"level":20,"msg":"Processed: \u001b[35mnode_modules/highlight.js/lib/languages/maxima.js\u001b[39m","time":"2017-06-09T21:53:23.084Z","v":0}
{"name":"hexo","hostname":"mcx-UX301","pid":37176,"level":20,"msg":"Processed: \u001b[35mnode_modules/highlight.js/lib/languages/mel.js\u001b[39m","time":"2017-06-09T21:53:23.085Z","v":0}
{"name":"hexo","hostname":"mcx-UX301","pid":37176,"level":20,"msg":"Processed: \u001b[35mnode_modules/highlight.js/lib/languages/mercury.js\u001b[39m","time":"2017-06-09T21:53:23.086Z","v":0}
{"name":"hexo","hostname":"mcx-UX301","pid":37176,"level":20,"msg":"Processed: \u001b[35mnode_modules/highlight.js/lib/languages/mipsasm.js\u001b[39m","time":"2017-06-09T21:53:23.087Z","v":0}
{"name":"hexo","hostname":"mcx-UX301","pid":37176,"level":20,"msg":"Processed: \u001b[35mnode_modules/highlight.js/lib/languages/mizar.js\u001b[39m","time":"2017-06-09T21:53:23.087Z","v":0}
{"name":"hexo","hostname":"mcx-UX301","pid":37176,"level":20,"msg":"Processed: \u001b[35mnode_modules/highlight.js/lib/languages/mojolicious.js\u001b[39m","time":"2017-06-09T21:53:23.088Z","v":0}
{"name":"hexo","hostname":"mcx-UX301","pid":37176,"level":20,"msg":"Processed: \u001b[35mnode_modules/highlight.js/lib/languages/monkey.js\u001b[39m","time":"2017-06-09T21:53:23.088Z","v":0}
{"name":"hexo","hostname":"mcx-UX301","pid":37176,"level":20,"msg":"Processed: \u001b[35mnode_modules/highlight.js/lib/languages/moonscript.js\u001b[39m","time":"2017-06-09T21:53:23.088Z","v":0}
{"name":"hexo","hostname":"mcx-UX301","pid":37176,"level":20,"msg":"Processed: \u001b[35mnode_modules/highlight.js/lib/languages/n1ql.js\u001b[39m","time":"2017-06-09T21:53:23.088Z","v":0}
{"name":"hexo","hostname":"mcx-UX301","pid":37176,"level":20,"msg":"Processed: \u001b[35mnode_modules/highlight.js/lib/languages/nginx.js\u001b[39m","time":"2017-06-09T21:53:23.089Z","v":0}
{"name":"hexo","hostname":"mcx-UX301","pid":37176,"level":20,"msg":"Processed: \u001b[35mnode_modules/highlight.js/lib/languages/nimrod.js\u001b[39m","time":"2017-06-09T21:53:23.089Z","v":0}
{"name":"hexo","hostname":"mcx-UX301","pid":37176,"level":20,"msg":"Processed: \u001b[35mnode_modules/highlight.js/lib/languages/nix.js\u001b[39m","time":"2017-06-09T21:53:23.090Z","v":0}
{"name":"hexo","hostname":"mcx-UX301","pid":37176,"level":20,"msg":"Processed: \u001b[35mnode_modules/highlight.js/lib/languages/nsis.js\u001b[39m","time":"2017-06-09T21:53:23.090Z","v":0}
{"name":"hexo","hostname":"mcx-UX301","pid":37176,"level":20,"msg":"Processed: \u001b[35mnode_modules/highlight.js/lib/languages/objectivec.js\u001b[39m","time":"2017-06-09T21:53:23.091Z","v":0}
{"name":"hexo","hostname":"mcx-UX301","pid":37176,"level":20,"msg":"Processed: \u001b[35mnode_modules/highlight.js/lib/languages/ocaml.js\u001b[39m","time":"2017-06-09T21:53:23.091Z","v":0}
{"name":"hexo","hostname":"mcx-UX301","pid":37176,"level":20,"msg":"Processed: \u001b[35mnode_modules/highlight.js/lib/languages/openscad.js\u001b[39m","time":"2017-06-09T21:53:23.091Z","v":0}
{"name":"hexo","hostname":"mcx-UX301","pid":37176,"level":20,"msg":"Processed: \u001b[35mnode_modules/highlight.js/lib/languages/oxygene.js\u001b[39m","time":"2017-06-09T21:53:23.091Z","v":0}
{"name":"hexo","hostname":"mcx-UX301","pid":37176,"level":20,"msg":"Processed: \u001b[35mnode_modules/highlight.js/lib/languages/parser3.js\u001b[39m","time":"2017-06-09T21:53:23.092Z","v":0}
{"name":"hexo","hostname":"mcx-UX301","pid":37176,"level":20,"msg":"Processed: \u001b[35mnode_modules/highlight.js/lib/languages/perl.js\u001b[39m","time":"2017-06-09T21:53:23.092Z","v":0}
{"name":"hexo","hostname":"mcx-UX301","pid":37176,"level":20,"msg":"Processed: \u001b[35mnode_modules/highlight.js/lib/languages/pf.js\u001b[39m","time":"2017-06-09T21:53:23.093Z","v":0}
{"name":"hexo","hostname":"mcx-UX301","pid":37176,"level":20,"msg":"Processed: \u001b[35mnode_modules/highlight.js/lib/languages/php.js\u001b[39m","time":"2017-06-09T21:53:23.093Z","v":0}
{"name":"hexo","hostname":"mcx-UX301","pid":37176,"level":20,"msg":"Processed: \u001b[35mnode_modules/highlight.js/lib/languages/pony.js\u001b[39m","time":"2017-06-09T21:53:23.094Z","v":0}
{"name":"hexo","hostname":"mcx-UX301","pid":37176,"level":20,"msg":"Processed: \u001b[35mnode_modules/highlight.js/lib/languages/processing.js\u001b[39m","time":"2017-06-09T21:53:23.094Z","v":0}
{"name":"hexo","hostname":"mcx-UX301","pid":37176,"level":20,"msg":"Processed: \u001b[35mnode_modules/highlight.js/lib/languages/powershell.js\u001b[39m","time":"2017-06-09T21:53:23.095Z","v":0}
{"name":"hexo","hostname":"mcx-UX301","pid":37176,"level":20,"msg":"Processed: \u001b[35mnode_modules/highlight.js/lib/languages/profile.js\u001b[39m","time":"2017-06-09T21:53:23.095Z","v":0}
{"name":"hexo","hostname":"mcx-UX301","pid":37176,"level":20,"msg":"Processed: \u001b[35mnode_modules/highlight.js/lib/languages/prolog.js\u001b[39m","time":"2017-06-09T21:53:23.095Z","v":0}
{"name":"hexo","hostname":"mcx-UX301","pid":37176,"level":20,"msg":"Processed: \u001b[35mnode_modules/highlight.js/lib/languages/protobuf.js\u001b[39m","time":"2017-06-09T21:53:23.096Z","v":0}
{"name":"hexo","hostname":"mcx-UX301","pid":37176,"level":20,"msg":"Processed: \u001b[35mnode_modules/highlight.js/lib/languages/puppet.js\u001b[39m","time":"2017-06-09T21:53:23.096Z","v":0}
{"name":"hexo","hostname":"mcx-UX301","pid":37176,"level":20,"msg":"Processed: \u001b[35mnode_modules/highlight.js/lib/languages/purebasic.js\u001b[39m","time":"2017-06-09T21:53:23.097Z","v":0}
{"name":"hexo","hostname":"mcx-UX301","pid":37176,"level":20,"msg":"Processed: \u001b[35mnode_modules/highlight.js/lib/languages/python.js\u001b[39m","time":"2017-06-09T21:53:23.097Z","v":0}
{"name":"hexo","hostname":"mcx-UX301","pid":37176,"level":20,"msg":"Processed: \u001b[35mnode_modules/highlight.js/lib/languages/q.js\u001b[39m","time":"2017-06-09T21:53:23.097Z","v":0}
{"name":"hexo","hostname":"mcx-UX301","pid":37176,"level":20,"msg":"Processed: \u001b[35mnode_modules/highlight.js/lib/languages/qml.js\u001b[39m","time":"2017-06-09T21:53:23.097Z","v":0}
{"name":"hexo","hostname":"mcx-UX301","pid":37176,"level":20,"msg":"Processed: \u001b[35mnode_modules/highlight.js/lib/languages/r.js\u001b[39m","time":"2017-06-09T21:53:23.098Z","v":0}
{"name":"hexo","hostname":"mcx-UX301","pid":37176,"level":20,"msg":"Processed: \u001b[35mnode_modules/highlight.js/lib/languages/rib.js\u001b[39m","time":"2017-06-09T21:53:23.098Z","v":0}
{"name":"hexo","hostname":"mcx-UX301","pid":37176,"level":20,"msg":"Processed: \u001b[35mnode_modules/highlight.js/lib/languages/roboconf.js\u001b[39m","time":"2017-06-09T21:53:23.099Z","v":0}
{"name":"hexo","hostname":"mcx-UX301","pid":37176,"level":20,"msg":"Processed: \u001b[35mnode_modules/highlight.js/lib/languages/rsl.js\u001b[39m","time":"2017-06-09T21:53:23.099Z","v":0}
{"name":"hexo","hostname":"mcx-UX301","pid":37176,"level":20,"msg":"Processed: \u001b[35mnode_modules/highlight.js/lib/languages/ruby.js\u001b[39m","time":"2017-06-09T21:53:23.099Z","v":0}
{"name":"hexo","hostname":"mcx-UX301","pid":37176,"level":20,"msg":"Processed: \u001b[35mnode_modules/highlight.js/lib/languages/ruleslanguage.js\u001b[39m","time":"2017-06-09T21:53:23.100Z","v":0}
{"name":"hexo","hostname":"mcx-UX301","pid":37176,"level":20,"msg":"Processed: \u001b[35mnode_modules/highlight.js/lib/languages/rust.js\u001b[39m","time":"2017-06-09T21:53:23.100Z","v":0}
{"name":"hexo","hostname":"mcx-UX301","pid":37176,"level":20,"msg":"Processed: \u001b[35mnode_modules/highlight.js/lib/languages/scala.js\u001b[39m","time":"2017-06-09T21:53:23.101Z","v":0}
{"name":"hexo","hostname":"mcx-UX301","pid":37176,"level":20,"msg":"Processed: \u001b[35mnode_modules/highlight.js/lib/languages/scheme.js\u001b[39m","time":"2017-06-09T21:53:23.101Z","v":0}
{"name":"hexo","hostname":"mcx-UX301","pid":37176,"level":20,"msg":"Processed: \u001b[35mnode_modules/highlight.js/lib/languages/scilab.js\u001b[39m","time":"2017-06-09T21:53:23.101Z","v":0}
{"name":"hexo","hostname":"mcx-UX301","pid":37176,"level":20,"msg":"Processed: \u001b[35mnode_modules/highlight.js/lib/languages/scss.js\u001b[39m","time":"2017-06-09T21:53:23.102Z","v":0}
{"name":"hexo","hostname":"mcx-UX301","pid":37176,"level":20,"msg":"Processed: \u001b[35mnode_modules/highlight.js/lib/languages/smali.js\u001b[39m","time":"2017-06-09T21:53:23.103Z","v":0}
{"name":"hexo","hostname":"mcx-UX301","pid":37176,"level":20,"msg":"Processed: \u001b[35mnode_modules/highlight.js/lib/languages/smalltalk.js\u001b[39m","time":"2017-06-09T21:53:23.103Z","v":0}
{"name":"hexo","hostname":"mcx-UX301","pid":37176,"level":20,"msg":"Processed: \u001b[35mnode_modules/highlight.js/lib/languages/sml.js\u001b[39m","time":"2017-06-09T21:53:23.104Z","v":0}
{"name":"hexo","hostname":"mcx-UX301","pid":37176,"level":20,"msg":"Processed: \u001b[35mnode_modules/highlight.js/lib/languages/sqf.js\u001b[39m","time":"2017-06-09T21:53:23.104Z","v":0}
{"name":"hexo","hostname":"mcx-UX301","pid":37176,"level":20,"msg":"Processed: \u001b[35mnode_modules/highlight.js/lib/languages/sql.js\u001b[39m","time":"2017-06-09T21:53:23.104Z","v":0}
{"name":"hexo","hostname":"mcx-UX301","pid":37176,"level":20,"msg":"Processed: \u001b[35mnode_modules/highlight.js/lib/languages/stan.js\u001b[39m","time":"2017-06-09T21:53:23.105Z","v":0}
{"name":"hexo","hostname":"mcx-UX301","pid":37176,"level":20,"msg":"Processed: \u001b[35mnode_modules/highlight.js/lib/languages/stata.js\u001b[39m","time":"2017-06-09T21:53:23.105Z","v":0}
{"name":"hexo","hostname":"mcx-UX301","pid":37176,"level":20,"msg":"Processed: \u001b[35mnode_modules/highlight.js/lib/languages/step21.js\u001b[39m","time":"2017-06-09T21:53:23.105Z","v":0}
{"name":"hexo","hostname":"mcx-UX301","pid":37176,"level":20,"msg":"Processed: \u001b[35mnode_modules/highlight.js/lib/languages/stylus.js\u001b[39m","time":"2017-06-09T21:53:23.105Z","v":0}
{"name":"hexo","hostname":"mcx-UX301","pid":37176,"level":20,"msg":"Processed: \u001b[35mnode_modules/highlight.js/lib/languages/subunit.js\u001b[39m","time":"2017-06-09T21:53:23.106Z","v":0}
{"name":"hexo","hostname":"mcx-UX301","pid":37176,"level":20,"msg":"Processed: \u001b[35mnode_modules/highlight.js/lib/languages/swift.js\u001b[39m","time":"2017-06-09T21:53:23.106Z","v":0}
{"name":"hexo","hostname":"mcx-UX301","pid":37176,"level":20,"msg":"Processed: \u001b[35mnode_modules/highlight.js/lib/languages/taggerscript.js\u001b[39m","time":"2017-06-09T21:53:23.107Z","v":0}
{"name":"hexo","hostname":"mcx-UX301","pid":37176,"level":20,"msg":"Processed: \u001b[35mnode_modules/highlight.js/lib/languages/tap.js\u001b[39m","time":"2017-06-09T21:53:23.107Z","v":0}
{"name":"hexo","hostname":"mcx-UX301","pid":37176,"level":20,"msg":"Processed: \u001b[35mnode_modules/highlight.js/lib/languages/tcl.js\u001b[39m","time":"2017-06-09T21:53:23.107Z","v":0}
{"name":"hexo","hostname":"mcx-UX301","pid":37176,"level":20,"msg":"Processed: \u001b[35mnode_modules/highlight.js/lib/languages/tex.js\u001b[39m","time":"2017-06-09T21:53:23.108Z","v":0}
{"name":"hexo","hostname":"mcx-UX301","pid":37176,"level":20,"msg":"Processed: \u001b[35mnode_modules/highlight.js/lib/languages/thrift.js\u001b[39m","time":"2017-06-09T21:53:23.108Z","v":0}
{"name":"hexo","hostname":"mcx-UX301","pid":37176,"level":20,"msg":"Processed: \u001b[35mnode_modules/highlight.js/lib/languages/tp.js\u001b[39m","time":"2017-06-09T21:53:23.108Z","v":0}
{"name":"hexo","hostname":"mcx-UX301","pid":37176,"level":20,"msg":"Processed: \u001b[35mnode_modules/highlight.js/lib/languages/twig.js\u001b[39m","time":"2017-06-09T21:53:23.108Z","v":0}
{"name":"hexo","hostname":"mcx-UX301","pid":37176,"level":20,"msg":"Processed: \u001b[35mnode_modules/highlight.js/lib/languages/typescript.js\u001b[39m","time":"2017-06-09T21:53:23.109Z","v":0}
{"name":"hexo","hostname":"mcx-UX301","pid":37176,"level":20,"msg":"Processed: \u001b[35mnode_modules/highlight.js/lib/languages/vala.js\u001b[39m","time":"2017-06-09T21:53:23.109Z","v":0}
{"name":"hexo","hostname":"mcx-UX301","pid":37176,"level":20,"msg":"Processed: \u001b[35mnode_modules/highlight.js/lib/languages/vbnet.js\u001b[39m","time":"2017-06-09T21:53:23.110Z","v":0}
{"name":"hexo","hostname":"mcx-UX301","pid":37176,"level":20,"msg":"Processed: \u001b[35mnode_modules/highlight.js/lib/languages/vbscript-html.js\u001b[39m","time":"2017-06-09T21:53:23.110Z","v":0}
{"name":"hexo","hostname":"mcx-UX301","pid":37176,"level":20,"msg":"Processed: \u001b[35mnode_modules/highlight.js/lib/languages/vbscript.js\u001b[39m","time":"2017-06-09T21:53:23.111Z","v":0}
{"name":"hexo","hostname":"mcx-UX301","pid":37176,"level":20,"msg":"Processed: \u001b[35mnode_modules/highlight.js/lib/languages/verilog.js\u001b[39m","time":"2017-06-09T21:53:23.111Z","v":0}
{"name":"hexo","hostname":"mcx-UX301","pid":37176,"level":20,"msg":"Processed: \u001b[35mnode_modules/highlight.js/lib/languages/vhdl.js\u001b[39m","time":"2017-06-09T21:53:23.111Z","v":0}
{"name":"hexo","hostname":"mcx-UX301","pid":37176,"level":20,"msg":"Processed: \u001b[35mnode_modules/highlight.js/lib/languages/vim.js\u001b[39m","time":"2017-06-09T21:53:23.112Z","v":0}
{"name":"hexo","hostname":"mcx-UX301","pid":37176,"level":20,"msg":"Processed: \u001b[35mnode_modules/highlight.js/lib/languages/x86asm.js\u001b[39m","time":"2017-06-09T21:53:23.112Z","v":0}
{"name":"hexo","hostname":"mcx-UX301","pid":37176,"level":20,"msg":"Processed: \u001b[35mnode_modules/highlight.js/lib/languages/xl.js\u001b[39m","time":"2017-06-09T21:53:23.112Z","v":0}
{"name":"hexo","hostname":"mcx-UX301","pid":37176,"level":20,"msg":"Processed: \u001b[35mnode_modules/highlight.js/lib/languages/xml.js\u001b[39m","time":"2017-06-09T21:53:23.113Z","v":0}
{"name":"hexo","hostname":"mcx-UX301","pid":37176,"level":20,"msg":"Processed: \u001b[35mnode_modules/highlight.js/lib/languages/xquery.js\u001b[39m","time":"2017-06-09T21:53:23.113Z","v":0}
{"name":"hexo","hostname":"mcx-UX301","pid":37176,"level":20,"msg":"Processed: \u001b[35mnode_modules/highlight.js/lib/languages/yaml.js\u001b[39m","time":"2017-06-09T21:53:23.114Z","v":0}
{"name":"hexo","hostname":"mcx-UX301","pid":37176,"level":20,"msg":"Processed: \u001b[35mnode_modules/highlight.js/lib/languages/zephir.js\u001b[39m","time":"2017-06-09T21:53:23.114Z","v":0}
{"name":"hexo","hostname":"mcx-UX301","pid":37176,"level":20,"msg":"Processed: \u001b[35msource/assets/images/cover-v1.2.0.jpg\u001b[39m","time":"2017-06-09T21:53:23.115Z","v":0}
{"name":"hexo","hostname":"mcx-UX301","pid":37176,"level":20,"msg":"Processed: \u001b[35msource/assets/js/script.js\u001b[39m","time":"2017-06-09T21:53:23.115Z","v":0}
{"name":"hexo","hostname":"mcx-UX301","pid":37176,"level":20,"msg":"Processed: \u001b[35mnode_modules/highlight.js/lib/languages/mathematica.js\u001b[39m","time":"2017-06-09T21:53:23.128Z","v":0}
{"name":"hexo","hostname":"mcx-UX301","pid":37176,"level":20,"msg":"Processed: \u001b[35msource/assets/images/Chuah_Picture.jpg\u001b[39m","time":"2017-06-09T21:53:23.130Z","v":0}
{"name":"hexo","hostname":"mcx-UX301","pid":37176,"level":20,"msg":"Processed: \u001b[35msource/assets/images/CheetahKillian-full.png\u001b[39m","time":"2017-06-09T21:53:23.140Z","v":0}
{"name":"hexo","hostname":"mcx-UX301","pid":37176,"level":20,"msg":"Generator: \u001b[35mpage\u001b[39m","time":"2017-06-09T21:53:23.320Z","v":0}
{"name":"hexo","hostname":"mcx-UX301","pid":37176,"level":20,"msg":"Generator: \u001b[35mpost\u001b[39m","time":"2017-06-09T21:53:23.320Z","v":0}
{"name":"hexo","hostname":"mcx-UX301","pid":37176,"level":20,"msg":"Generator: \u001b[35marchive\u001b[39m","time":"2017-06-09T21:53:23.321Z","v":0}
{"name":"hexo","hostname":"mcx-UX301","pid":37176,"level":20,"msg":"Generator: \u001b[35mcategory\u001b[39m","time":"2017-06-09T21:53:23.321Z","v":0}
{"name":"hexo","hostname":"mcx-UX301","pid":37176,"level":20,"msg":"Generator: \u001b[35mindex\u001b[39m","time":"2017-06-09T21:53:23.321Z","v":0}
{"name":"hexo","hostname":"mcx-UX301","pid":37176,"level":20,"msg":"Generator: \u001b[35mfeed\u001b[39m","time":"2017-06-09T21:53:23.321Z","v":0}
{"name":"hexo","hostname":"mcx-UX301","pid":37176,"level":20,"msg":"Generator: \u001b[35mtag\u001b[39m","time":"2017-06-09T21:53:23.322Z","v":0}
{"name":"hexo","hostname":"mcx-UX301","pid":37176,"level":20,"msg":"Generator: \u001b[35masset\u001b[39m","time":"2017-06-09T21:53:23.323Z","v":0}
{"name":"hexo","hostname":"mcx-UX301","pid":37176,"level":30,"msg":"Files loaded in \u001b[36m2.04 s\u001b[39m","time":"2017-06-09T21:53:23.329Z","v":0}
{"name":"hexo","hostname":"mcx-UX301","pid":37176,"level":20,"msg":"Rendering post: \u001b[35m2017/06/09/hello-world/index.html\u001b[39m","time":"2017-06-09T21:53:23.385Z","v":0}
{"name":"hexo","hostname":"mcx-UX301","pid":37176,"level":20,"msg":"Rendering archive: \u001b[35marchives/index.html\u001b[39m","time":"2017-06-09T21:53:23.425Z","v":0}
{"name":"hexo","hostname":"mcx-UX301","pid":37176,"level":20,"msg":"Rendering archive: \u001b[35marchives/2017/index.html\u001b[39m","time":"2017-06-09T21:53:23.440Z","v":0}
{"name":"hexo","hostname":"mcx-UX301","pid":37176,"level":20,"msg":"Rendering archive: \u001b[35marchives/2017/06/index.html\u001b[39m","time":"2017-06-09T21:53:23.448Z","v":0}
{"name":"hexo","hostname":"mcx-UX301","pid":37176,"level":20,"msg":"Rendering index: \u001b[35mindex.html\u001b[39m","time":"2017-06-09T21:53:23.455Z","v":0}
{"name":"hexo","hostname":"mcx-UX301","pid":37176,"level":30,"msg":"Generated: \u001b[35matom.xml\u001b[39m","time":"2017-06-09T21:53:23.563Z","v":0}
{"name":"hexo","hostname":"mcx-UX301","pid":37176,"level":30,"msg":"Generated: \u001b[35mindex.html\u001b[39m","time":"2017-06-09T21:53:23.576Z","v":0}
{"name":"hexo","hostname":"mcx-UX301","pid":37176,"level":30,"msg":"Generated: \u001b[35marchives/index.html\u001b[39m","time":"2017-06-09T21:53:23.591Z","v":0}
{"name":"hexo","hostname":"mcx-UX301","pid":37176,"level":30,"msg":"Generated: \u001b[35marchives/2017/06/index.html\u001b[39m","time":"2017-06-09T21:53:23.600Z","v":0}
{"name":"hexo","hostname":"mcx-UX301","pid":37176,"level":30,"msg":"Generated: \u001b[35marchives/2017/index.html\u001b[39m","time":"2017-06-09T21:53:23.601Z","v":0}
{"name":"hexo","hostname":"mcx-UX301","pid":37176,"level":30,"msg":"Generated: \u001b[35massets/images/blank.gif\u001b[39m","time":"2017-06-09T21:53:23.608Z","v":0}
{"name":"hexo","hostname":"mcx-UX301","pid":37176,"level":30,"msg":"Generated: \u001b[35massets/js/jquery.fancybox-thumbs.js\u001b[39m","time":"2017-06-09T21:53:23.612Z","v":0}
{"name":"hexo","hostname":"mcx-UX301","pid":37176,"level":30,"msg":"Generated: \u001b[35massets/css/jquery.fancybox-thumbs.css\u001b[39m","time":"2017-06-09T21:53:23.613Z","v":0}
{"name":"hexo","hostname":"mcx-UX301","pid":37176,"level":30,"msg":"Generated: \u001b[35massets/css/jquery.fancybox.css\u001b[39m","time":"2017-06-09T21:53:23.614Z","v":0}
{"name":"hexo","hostname":"mcx-UX301","pid":37176,"level":30,"msg":"Generated: \u001b[35massets/fonts/fontawesome-webfont.eot\u001b[39m","time":"2017-06-09T21:53:23.615Z","v":0}
{"name":"hexo","hostname":"mcx-UX301","pid":37176,"level":30,"msg":"Generated: \u001b[35massets/css/font-awesome.css\u001b[39m","time":"2017-06-09T21:53:23.616Z","v":0}
{"name":"hexo","hostname":"mcx-UX301","pid":37176,"level":30,"msg":"Generated: \u001b[35massets/fonts/fontawesome-webfont.svg\u001b[39m","time":"2017-06-09T21:53:23.616Z","v":0}
{"name":"hexo","hostname":"mcx-UX301","pid":37176,"level":30,"msg":"Generated: \u001b[35massets/js/script-ivwiy10zeb8fifc4swnhkwneuk64y53w2scmdmtp8thi9cqfxh31aowtroaz.min.js\u001b[39m","time":"2017-06-09T21:53:23.617Z","v":0}
{"name":"hexo","hostname":"mcx-UX301","pid":37176,"level":30,"msg":"Generated: \u001b[35massets/js/tranquilpeak.js\u001b[39m","time":"2017-06-09T21:53:23.618Z","v":0}
{"name":"hexo","hostname":"mcx-UX301","pid":37176,"level":30,"msg":"Generated: \u001b[35massets/css/tranquilpeak.css\u001b[39m","time":"2017-06-09T21:53:23.618Z","v":0}
{"name":"hexo","hostname":"mcx-UX301","pid":37176,"level":30,"msg":"Generated: \u001b[35massets/js/jquery.fancybox.js\u001b[39m","time":"2017-06-09T21:53:23.619Z","v":0}
{"name":"hexo","hostname":"mcx-UX301","pid":37176,"level":30,"msg":"Generated: \u001b[35massets/css/style.css\u001b[39m","time":"2017-06-09T21:53:23.619Z","v":0}
{"name":"hexo","hostname":"mcx-UX301","pid":37176,"level":30,"msg":"Generated: \u001b[35massets/images/fancybox_loading.gif\u001b[39m","time":"2017-06-09T21:53:23.620Z","v":0}
{"name":"hexo","hostname":"mcx-UX301","pid":37176,"level":30,"msg":"Generated: \u001b[35massets/css/style-sxklfps8ywgfyyjcowvnb4gxdgt0zjts3hsguljmv9uqanxjbnitrovtbrek.min.css\u001b[39m","time":"2017-06-09T21:53:23.621Z","v":0}
{"name":"hexo","hostname":"mcx-UX301","pid":37176,"level":30,"msg":"Generated: \u001b[35massets/images/fancybox_loading@2x.gif\u001b[39m","time":"2017-06-09T21:53:23.621Z","v":0}
{"name":"hexo","hostname":"mcx-UX301","pid":37176,"level":30,"msg":"Generated: \u001b[35massets/js/jquery.js\u001b[39m","time":"2017-06-09T21:53:23.622Z","v":0}
{"name":"hexo","hostname":"mcx-UX301","pid":37176,"level":30,"msg":"Generated: \u001b[35massets/js/script.js\u001b[39m","time":"2017-06-09T21:53:23.622Z","v":0}
{"name":"hexo","hostname":"mcx-UX301","pid":37176,"level":30,"msg":"Generated: \u001b[35massets/images/fancybox_overlay.png\u001b[39m","time":"2017-06-09T21:53:23.626Z","v":0}
{"name":"hexo","hostname":"mcx-UX301","pid":37176,"level":30,"msg":"Generated: \u001b[35massets/images/fancybox_sprite.png\u001b[39m","time":"2017-06-09T21:53:23.626Z","v":0}
{"name":"hexo","hostname":"mcx-UX301","pid":37176,"level":30,"msg":"Generated: \u001b[35massets/images/fancybox_sprite@2x.png\u001b[39m","time":"2017-06-09T21:53:23.627Z","v":0}
{"name":"hexo","hostname":"mcx-UX301","pid":37176,"level":30,"msg":"Generated: \u001b[35massets/images/cover.jpg\u001b[39m","time":"2017-06-09T21:53:23.628Z","v":0}
{"name":"hexo","hostname":"mcx-UX301","pid":37176,"level":30,"msg":"Generated: \u001b[35massets/fonts/fontawesome-webfont.woff2\u001b[39m","time":"2017-06-09T21:53:23.628Z","v":0}
{"name":"hexo","hostname":"mcx-UX301","pid":37176,"level":30,"msg":"Generated: \u001b[35massets/fonts/FontAwesome.otf\u001b[39m","time":"2017-06-09T21:53:23.629Z","v":0}
{"name":"hexo","hostname":"mcx-UX301","pid":37176,"level":30,"msg":"Generated: \u001b[35massets/fonts/fontawesome-webfont.ttf\u001b[39m","time":"2017-06-09T21:53:23.630Z","v":0}
{"name":"hexo","hostname":"mcx-UX301","pid":37176,"level":30,"msg":"Generated: \u001b[35massets/fonts/fontawesome-webfont.woff\u001b[39m","time":"2017-06-09T21:53:23.630Z","v":0}
{"name":"hexo","hostname":"mcx-UX301","pid":37176,"level":30,"msg":"Generated: \u001b[35massets/images/cover-v1.2.0.jpg\u001b[39m","time":"2017-06-09T21:53:23.630Z","v":0}
{"name":"hexo","hostname":"mcx-UX301","pid":37176,"level":30,"msg":"Generated: \u001b[35m2017/06/09/hello-world/index.html\u001b[39m","time":"2017-06-09T21:53:23.631Z","v":0}
{"name":"hexo","hostname":"mcx-UX301","pid":37176,"level":30,"msg":"Generated: \u001b[35massets/images/Chuah_Picture.jpg\u001b[39m","time":"2017-06-09T21:53:23.632Z","v":0}
{"name":"hexo","hostname":"mcx-UX301","pid":37176,"level":30,"msg":"Generated: \u001b[35massets/images/CheetahKillian-full.png\u001b[39m","time":"2017-06-09T21:53:23.641Z","v":0}
{"name":"hexo","hostname":"mcx-UX301","pid":37176,"level":30,"msg":"34 files generated in \u001b[36m312 ms\u001b[39m","time":"2017-06-09T21:53:23.642Z","v":0}
{"name":"hexo","hostname":"mcx-UX301","pid":37176,"level":20,"msg":"Database saved","time":"2017-06-09T21:53:23.689Z","v":0}
